[2023-09-22T00:16:24.704251+02:00] klachtverwerking.ERROR: Fout bij het versturen van de e-mail: SMTP Error: Could not connect to SMTP host. Failed to connect to serverSMTP server error: Failed to connect to server Additional SMTP info: php_network_getaddresses: getaddrinfo for smtp.example.com failed: Host is onbekend.  [] []
[2023-09-22T00:16:31.960448+02:00] klachtverwerking.ERROR: Fout bij het versturen van de e-mail: SMTP Error: Could not connect to SMTP host. Failed to connect to serverSMTP server error: Failed to connect to server Additional SMTP info: php_network_getaddresses: getaddrinfo for smtp.example.com failed: Host is onbekend.  [] []
[2023-09-22T00:18:48.748703+02:00] klachtverwerking.ERROR: Fout bij het versturen van de e-mail: SMTP Error: Could not connect to SMTP host. Failed to connect to serverSMTP server error: Failed to connect to server Additional SMTP info: php_network_getaddresses: getaddrinfo for smtp.example.com failed: Host is onbekend.  [] []
[2023-09-22T00:19:04.207860+02:00] klachtverwerking.ERROR: Fout bij het versturen van de e-mail: SMTP Error: Could not connect to SMTP host. Failed to connect to serverSMTP server error: Failed to connect to server Additional SMTP info: php_network_getaddresses: getaddrinfo for smtp.example.com failed: Host is onbekend.  [] []
[2023-09-22T00:20:25.789238+02:00] klachtverwerking.ERROR: Fout bij het versturen van de e-mail: SMTP Error: Could not connect to SMTP host. Failed to connect to serverSMTP server error: Failed to connect to server Additional SMTP info: php_network_getaddresses: getaddrinfo for smtp.example.com failed: Host is onbekend.  [] []
[2023-09-22T00:20:37.601941+02:00] klachtverwerking.ERROR: Fout bij het versturen van de e-mail: SMTP Error: Could not connect to SMTP host. Failed to connect to serverSMTP server error: Failed to connect to server Additional SMTP info: php_network_getaddresses: getaddrinfo for smtp.example.com failed: Host is onbekend.  [] []
[2023-09-22T00:24:28.978626+02:00] klachtverwerking.INFO: Klacht ontvangen - Naam: ad, Email: admin_john@example.com, Omschrijving: sad [] []
[2023-09-22T00:24:33.769568+02:00] klachtverwerking.INFO: Klacht ontvangen - Naam: sad, Email: rooney.zakko@gmail.com, Omschrijving: sad [] []
[2023-09-22T00:30:56.212765+02:00] klachtverwerking.INFO: Klacht ontvangen - Naam: asd, Email: asdasd@hasuond.com, Omschrijving: ads [] []
[2023-09-22T00:31:00.827062+02:00] klachtverwerking.INFO: Klacht ontvangen - Naam: asd, Email: rooney.zakko@gmail.com, Omschrijving: asd [] []
[2023-09-22T00:31:59.814142+02:00] klachtverwerking.INFO: Klacht ontvangen - Naam: asd, Email: rooney.zakko@gmail.com, Omschrijving: asd [] []
[2023-09-22T00:32:11.328791+02:00] klachtverwerking.INFO: Klacht ontvangen - Naam: asd, Email: asdsa@asfasdas.nl, Omschrijving: asd [] []
[2023-09-22T00:32:24.853774+02:00] klachtverwerking.INFO: Klacht ontvangen - Naam: asd, Email: asdsa@asfasdas.nl, Omschrijving: asd [] []
[2023-09-22T00:32:38.261690+02:00] klachtverwerking.INFO: Klacht ontvangen - Naam: sad, Email: asd@gmail.com, Omschrijving: asd [] []
[2023-09-22T00:33:18.068687+02:00] klachtverwerking.INFO: Klacht ontvangen - Naam: asd, Email: asd@gmail.com, Omschrijving: asd [] []
[2023-09-22T00:34:30.880271+02:00] klachtverwerking.INFO: Klacht ontvangen - Naam: ad, Email: rooney.zakko@gmail.com, Omschrijving: sad [] []
[2023-09-22T00:38:19.424948+02:00] klachtverwerking.INFO: Klacht ontvangen - Naam: ad, Email: abbas843@gmail.com, Omschrijving: adsssssssss [] []
[2023-09-22T00:39:19.397476+02:00] klachtverwerking.INFO: Klacht ontvangen - Naam: ad, Email: abbas843@gmail.com, Omschrijving: adsssssssss [] []
[2023-09-22T00:39:26.329420+02:00] klachtverwerking.INFO: Klacht ontvangen - Naam: asd, Email: asdasd@hasuond.com, Omschrijving: asd [] []
[2023-09-22T00:39:32.767801+02:00] klachtverwerking.INFO: Klacht ontvangen - Naam: saddd, Email: rooney.zakko@gmail.com, Omschrijving: asd [] []
[2023-09-22T00:41:01.984224+02:00] klachtverwerking.INFO: Klacht ontvangen - Naam: saddd, Email: rooney.zakko@gmail.com, Omschrijving: asd [] []
[2023-09-22T00:41:19.220700+02:00] klachtverwerking.INFO: Klacht ontvangen - Naam: sad, Email: asd@gmail.com, Omschrijving: asd [] []
[2023-09-22T00:46:14.272322+02:00] klachtverwerking.INFO: Klacht ontvangen - Naam: sad, Email: asd@gmail.com, Omschrijving: asd [] []
[2023-09-22T00:46:14.408133+02:00] klachtverwerking.ERROR: Fout bij het versturen van de e-mail: SMTP Error: Could not connect to SMTP host. Failed to connect to serverSMTP server error: Failed to connect to server Additional SMTP info: php_network_getaddresses: getaddrinfo for smtp.example.com failed: Host is onbekend.  [] []
[2023-09-22T00:46:35.015458+02:00] klachtverwerking.INFO: Klacht ontvangen - Naam: asd, Email: asd@gmail.com, Omschrijving: asd [] []
[2023-09-22T00:46:35.043311+02:00] klachtverwerking.ERROR: Fout bij het versturen van de e-mail: SMTP Error: Could not connect to SMTP host. Failed to connect to serverSMTP server error: Failed to connect to server Additional SMTP info: php_network_getaddresses: getaddrinfo for smtp.example.com failed: Host is onbekend.  [] []
[2023-09-22T00:48:08.184437+02:00] klachtverwerking.INFO: Klacht ontvangen - Naam: asd, Email: asd@gmail.com, Omschrijving: asd [] []
[2023-09-22T00:48:16.910999+02:00] klachtverwerking.INFO: Klacht ontvangen - Naam: asd, Email: asd@gmail.com, Omschrijving: asd [] []
[2023-09-22T00:49:05.582842+02:00] klachtverwerking.INFO: Klacht ontvangen - Naam: asd, Email: asd@gmail.com, Omschrijving: asd [] []
[2023-09-22T00:49:50.594792+02:00] klachtverwerking.INFO: Klacht ontvangen - Naam: asd, Email: asd@gmail.com, Omschrijving: asd [] []
[2023-09-22T00:49:50.624739+02:00] klachtverwerking.ERROR: Fout bij het versturen van de e-mail: SMTP Error: Could not connect to SMTP host. Failed to connect to serverSMTP server error: Failed to connect to server Additional SMTP info: php_network_getaddresses: getaddrinfo for smtp.example.com failed: Host is onbekend.  [] []
[2023-09-22T00:50:13.234483+02:00] klachtverwerking.INFO: Klacht ontvangen - Naam: asd, Email: asdasd@hasuond.com, Omschrijving: asd [] []
[2023-09-22T00:50:13.264482+02:00] klachtverwerking.ERROR: Fout bij het versturen van de e-mail: SMTP Error: Could not connect to SMTP host. Failed to connect to serverSMTP server error: Failed to connect to server Additional SMTP info: php_network_getaddresses: getaddrinfo for smtp.example.com failed: Host is onbekend.  [] []
[2023-09-22T14:07:25.397094+02:00] klachtverwerking.INFO: Klacht ontvangen - Naam: asd, Email: rooney.zakko@gmail.com, Omschrijving: tgrtg [] []
[2023-09-22T14:07:25.503507+02:00] klachtverwerking.ERROR: Fout bij het versturen van de e-mail: SMTP Error: Could not connect to SMTP host. Failed to connect to serverSMTP server error: Failed to connect to server Additional SMTP info: php_network_getaddresses: getaddrinfo for smtp.example.com failed: Host is onbekend.  [] []
[2023-09-22T14:09:05.179280+02:00] klachtverwerking.INFO: Klacht ontvangen - Naam: asd, Email: rooney.zakko@gmail.com, Omschrijving: tgrtg [] []
[2023-09-22T14:09:05.198102+02:00] klachtverwerking.ERROR: Fout bij het versturen van de e-mail: SMTP Error: Could not connect to SMTP host. Failed to connect to serverSMTP server error: Failed to connect to server Additional SMTP info: php_network_getaddresses: getaddrinfo for smtp.example.com failed: Host is onbekend.  [] []
[2023-09-22T14:09:17.936825+02:00] klachtverwerking.INFO: Klacht ontvangen - Naam: sad, Email: rooney.zakko@gmail.com, Omschrijving: asd [] []
[2023-09-22T14:09:17.950405+02:00] klachtverwerking.ERROR: Fout bij het versturen van de e-mail: SMTP Error: Could not connect to SMTP host. Failed to connect to serverSMTP server error: Failed to connect to server Additional SMTP info: php_network_getaddresses: getaddrinfo for smtp.example.com failed: Host is onbekend.  [] []
[2023-09-22T14:16:08.841115+02:00] klachtverwerking.INFO: Klacht ontvangen - Naam: asd, Email: asdasd@hasuond.com, Omschrijving: asd [] []
[2023-09-22T14:16:08.860171+02:00] klachtverwerking.ERROR: Fout bij het versturen van de e-mail: SMTP Error: Could not connect to SMTP host. Failed to connect to serverSMTP server error: Failed to connect to server Additional SMTP info: php_network_getaddresses: getaddrinfo for smtp.example.com failed: Host is onbekend.  [] []
[2023-09-22T14:27:02.849099+02:00] klachtverwerking.INFO: Klacht ontvangen - Naam: asd, Email: asdasd@hasuond.com, Omschrijving: asd [] []
[2023-09-22T14:27:02.973106+02:00] klachtverwerking.ERROR: Fout bij het versturen van de e-mail: SMTP Error: Could not connect to SMTP host. Failed to connect to serverSMTP server error: Failed to connect to server Additional SMTP info: php_network_getaddresses: getaddrinfo for smtp.example.com failed: Host is onbekend.  [] []
[2023-09-22T14:44:11.721849+02:00] klachtverwerking.INFO: Klacht ontvangen - Naam: asd, Email: asdasd@hasuond.com, Omschrijving: asd [] []
[2023-09-22T14:44:11.822164+02:00] klachtverwerking.ERROR: Fout bij het versturen van de e-mail: SMTP Error: Could not connect to SMTP host. Failed to connect to serverSMTP server error: Failed to connect to server Additional SMTP info: php_network_getaddresses: getaddrinfo for smtp.example.com failed: Host is onbekend.  [] []
